<?xml version="1.0" encoding="UTF-8"?>
<!-- Generated by org.testng.reporters.JUnitReportReporter -->
<testsuite hostname="Rajas-MacBook-Pro.local" failures="0" tests="4" name="Utils.ExcelDataProvider" time="74.064" errors="1" timestamp="22 Jul 2020 05:00:48 GMT" skipped="3">
  <testcase classname="Utils.ExcelDataProvider" name="test1" time="0.000">
    <skipped/>
  </testcase> <!-- test1 -->
  <testcase classname="Utils.ExcelDataProvider" name="SetUp" time="74.064">
    <error message="chrome not reachable
Build info: version: &#039;3.141.59&#039;, revision: &#039;e82be7d358&#039;, time: &#039;2018-11-14T08:17:03&#039;
System info: host: &#039;Rajas-MacBook-Pro.local&#039;, ip: &#039;192.168.0.4&#039;, os.name: &#039;Mac OS X&#039;, os.arch: &#039;x86_64&#039;, os.version: &#039;10.14.5&#039;, java.version: &#039;13.0.1&#039;
Driver info: driver.version: ChromeDriver
remote stacktrace: 0   chromedriver                        0x0000000109b67c49 chromedriver + 4893769
1   chromedriver                        0x0000000109b010e3 chromedriver + 4473059
2   chromedriver                        0x0000000109774752 chromedriver + 751442
3   chromedriver                        0x000000010976a427 chromedriver + 709671
4   chromedriver                        0x00000001096d62a0 chromedriver + 103072
5   chromedriver                        0x00000001096d2696 chromedriver + 87702
6   chromedriver                        0x00000001096cf9b9 chromedriver + 76217
7   chromedriver                        0x0000000109702043 chromedriver + 282691
8   chromedriver                        0x00000001096fee43 chromedriver + 269891
9   chromedriver                        0x00000001096d862a chromedriver + 112170
10  chromedriver                        0x00000001096d9635 chromedriver + 116277
11  chromedriver                        0x0000000109b295af chromedriver + 4638127
12  chromedriver                        0x0000000109b3691b chromedriver + 4692251
13  chromedriver                        0x0000000109b366bb chromedriver + 4691643
14  chromedriver                        0x0000000109b0d109 chromedriver + 4522249
15  chromedriver                        0x0000000109b36ea3 chromedriver + 4693667
16  chromedriver                        0x0000000109b1f073 chromedriver + 4595827
17  chromedriver                        0x0000000109b4e094 chromedriver + 4788372
18  chromedriver                        0x0000000109b6ddb7 chromedriver + 4918711
19  libsystem_pthread.dylib             0x00007fff72c9a2eb _pthread_body + 126
20  libsystem_pthread.dylib             0x00007fff72c9d249 _pthread_start + 66
21  libsystem_pthread.dylib             0x00007fff72c9940d thread_start + 13
" type="org.openqa.selenium.WebDriverException">
      <![CDATA[org.openqa.selenium.WebDriverException: chrome not reachable
Build info: version: '3.141.59', revision: 'e82be7d358', time: '2018-11-14T08:17:03'
System info: host: 'Rajas-MacBook-Pro.local', ip: '192.168.0.4', os.name: 'Mac OS X', os.arch: 'x86_64', os.version: '10.14.5', java.version: '13.0.1'
Driver info: driver.version: ChromeDriver
remote stacktrace: 0   chromedriver                        0x0000000109b67c49 chromedriver + 4893769
1   chromedriver                        0x0000000109b010e3 chromedriver + 4473059
2   chromedriver                        0x0000000109774752 chromedriver + 751442
3   chromedriver                        0x000000010976a427 chromedriver + 709671
4   chromedriver                        0x00000001096d62a0 chromedriver + 103072
5   chromedriver                        0x00000001096d2696 chromedriver + 87702
6   chromedriver                        0x00000001096cf9b9 chromedriver + 76217
7   chromedriver                        0x0000000109702043 chromedriver + 282691
8   chromedriver                        0x00000001096fee43 chromedriver + 269891
9   chromedriver                        0x00000001096d862a chromedriver + 112170
10  chromedriver                        0x00000001096d9635 chromedriver + 116277
11  chromedriver                        0x0000000109b295af chromedriver + 4638127
12  chromedriver                        0x0000000109b3691b chromedriver + 4692251
13  chromedriver                        0x0000000109b366bb chromedriver + 4691643
14  chromedriver                        0x0000000109b0d109 chromedriver + 4522249
15  chromedriver                        0x0000000109b36ea3 chromedriver + 4693667
16  chromedriver                        0x0000000109b1f073 chromedriver + 4595827
17  chromedriver                        0x0000000109b4e094 chromedriver + 4788372
18  chromedriver                        0x0000000109b6ddb7 chromedriver + 4918711
19  libsystem_pthread.dylib             0x00007fff72c9a2eb _pthread_body + 126
20  libsystem_pthread.dylib             0x00007fff72c9d249 _pthread_start + 66
21  libsystem_pthread.dylib             0x00007fff72c9940d thread_start + 13

at java.base/jdk.internal.reflect.NativeConstructorAccessorImpl.newInstance0(Native Method)
at java.base/jdk.internal.reflect.NativeConstructorAccessorImpl.newInstance(NativeConstructorAccessorImpl.java:62)
at java.base/jdk.internal.reflect.DelegatingConstructorAccessorImpl.newInstance(DelegatingConstructorAccessorImpl.java:45)
at java.base/java.lang.reflect.Constructor.newInstanceWithCaller(Constructor.java:500)
at java.base/java.lang.reflect.Constructor.newInstance(Constructor.java:481)
at org.openqa.selenium.remote.W3CHandshakeResponse.lambda$errorHandler$0(W3CHandshakeResponse.java:62)
at org.openqa.selenium.remote.HandshakeResponse.lambda$getResponseFunction$0(HandshakeResponse.java:30)
at org.openqa.selenium.remote.ProtocolHandshake.lambda$createSession$0(ProtocolHandshake.java:126)
at java.base/java.util.stream.ReferencePipeline$3$1.accept(ReferencePipeline.java:195)
at java.base/java.util.Spliterators$ArraySpliterator.tryAdvance(Spliterators.java:958)
at java.base/java.util.stream.ReferencePipeline.forEachWithCancel(ReferencePipeline.java:127)
at java.base/java.util.stream.AbstractPipeline.copyIntoWithCancel(AbstractPipeline.java:502)
at java.base/java.util.stream.AbstractPipeline.copyInto(AbstractPipeline.java:488)
at java.base/java.util.stream.AbstractPipeline.wrapAndCopyInto(AbstractPipeline.java:474)
at java.base/java.util.stream.FindOps$FindOp.evaluateSequential(FindOps.java:150)
at java.base/java.util.stream.AbstractPipeline.evaluate(AbstractPipeline.java:234)
at java.base/java.util.stream.ReferencePipeline.findFirst(ReferencePipeline.java:543)
at org.openqa.selenium.remote.ProtocolHandshake.createSession(ProtocolHandshake.java:128)
at org.openqa.selenium.remote.ProtocolHandshake.createSession(ProtocolHandshake.java:74)
at org.openqa.selenium.remote.HttpCommandExecutor.execute(HttpCommandExecutor.java:136)
at org.openqa.selenium.remote.service.DriverCommandExecutor.execute(DriverCommandExecutor.java:83)
at org.openqa.selenium.remote.RemoteWebDriver.execute(RemoteWebDriver.java:552)
at org.openqa.selenium.remote.RemoteWebDriver.startSession(RemoteWebDriver.java:213)
at org.openqa.selenium.remote.RemoteWebDriver.<init>(RemoteWebDriver.java:131)
at org.openqa.selenium.chrome.ChromeDriver.<init>(ChromeDriver.java:181)
at org.openqa.selenium.chrome.ChromeDriver.<init>(ChromeDriver.java:168)
at org.openqa.selenium.chrome.ChromeDriver.<init>(ChromeDriver.java:123)
at Utils.ExcelDataProvider.SetUp(ExcelDataProvider.java:29)
at java.base/jdk.internal.reflect.NativeMethodAccessorImpl.invoke0(Native Method)
at java.base/jdk.internal.reflect.NativeMethodAccessorImpl.invoke(NativeMethodAccessorImpl.java:62)
at java.base/jdk.internal.reflect.DelegatingMethodAccessorImpl.invoke(DelegatingMethodAccessorImpl.java:43)
at java.base/java.lang.reflect.Method.invoke(Method.java:567)
at org.testng.internal.MethodInvocationHelper.invokeMethod(MethodInvocationHelper.java:124)
at org.testng.internal.MethodInvocationHelper.invokeMethodConsideringTimeout(MethodInvocationHelper.java:59)
at org.testng.internal.Invoker.invokeConfigurationMethod(Invoker.java:458)
at org.testng.internal.Invoker.invokeConfigurations(Invoker.java:222)
at org.testng.internal.Invoker.invokeConfigurations(Invoker.java:142)
at org.testng.TestRunner.beforeRun(TestRunner.java:529)
at org.testng.TestRunner.run(TestRunner.java:497)
at org.testng.SuiteRunner.runTest(SuiteRunner.java:455)
at org.testng.SuiteRunner.runSequentially(SuiteRunner.java:450)
at org.testng.SuiteRunner.privateRun(SuiteRunner.java:415)
at org.testng.SuiteRunner.run(SuiteRunner.java:364)
at org.testng.SuiteRunnerWorker.runSuite(SuiteRunnerWorker.java:52)
at org.testng.SuiteRunnerWorker.run(SuiteRunnerWorker.java:84)
at org.testng.TestNG.runSuitesSequentially(TestNG.java:1208)
at org.testng.TestNG.runSuitesLocally(TestNG.java:1137)
at org.testng.TestNG.runSuites(TestNG.java:1049)
at org.testng.TestNG.run(TestNG.java:1017)
at org.testng.remote.AbstractRemoteTestNG.run(AbstractRemoteTestNG.java:115)
at org.testng.remote.RemoteTestNG.initAndRun(RemoteTestNG.java:251)
at org.testng.remote.RemoteTestNG.main(RemoteTestNG.java:77)
]]>
    </error>
  </testcase> <!-- SetUp -->
  <testcase classname="Utils.ExcelDataProvider" name="test1" time="0.000">
    <skipped/>
  </testcase> <!-- test1 -->
  <testcase classname="Utils.ExcelDataProvider" name="test1" time="0.000">
    <skipped/>
  </testcase> <!-- test1 -->
</testsuite> <!-- Utils.ExcelDataProvider -->
